Library/Bee/Android/Prj/IL2CPP/Gradle/unityLibrary/build/intermediates/manifest_merge_blame_file/release/manifest-merger-blame-release-report.txt
1<?xml version="1.0" encoding="utf-8"?>
2<manifest xmlns:android="http://schemas.android.com/apk/res/android"
3    xmlns:tools="http://schemas.android.com/tools"
4    package="com.unity3d.player"
5    android:installLocation="auto" >
6
7    <uses-sdk
8        android:minSdkVersion="24"
8-->src/main/AndroidManifest.xml
9        android:targetSdkVersion="32" />
9-->src/main/AndroidManifest.xml
10
11    <uses-feature android:glEsVersion="0x00030000" />
11-->src/main/AndroidManifest.xml:3:3-52
11-->src/main/AndroidManifest.xml:3:17-49
12    <uses-feature
12-->src/main/AndroidManifest.xml:4:3-91
13        android:name="android.hardware.vulkan.version"
13-->src/main/AndroidManifest.xml:4:17-63
14        android:required="false" />
14-->src/main/AndroidManifest.xml:4:64-88
15    <uses-feature
15-->src/main/AndroidManifest.xml:5:3-88
16        android:name="android.hardware.touchscreen"
16-->src/main/AndroidManifest.xml:5:17-60
17        android:required="false" />
17-->src/main/AndroidManifest.xml:5:61-85
18    <uses-feature
18-->src/main/AndroidManifest.xml:28:3-111
19        android:name="android.hardware.vr.headtracking"
19-->src/main/AndroidManifest.xml:28:17-64
20        android:required="true"
20-->src/main/AndroidManifest.xml:28:65-88
21        android:version="1" />
21-->src/main/AndroidManifest.xml:28:89-108
22
23    <application android:extractNativeLibs="true" >
23-->src/main/AndroidManifest.xml:6:3-27:17
23-->src/main/AndroidManifest.xml:6:16-48
24        <meta-data
24-->src/main/AndroidManifest.xml:7:5-69
25            android:name="unity.splash-mode"
25-->src/main/AndroidManifest.xml:7:16-48
26            android:value="0" />
26-->src/main/AndroidManifest.xml:7:49-66
27        <meta-data
27-->src/main/AndroidManifest.xml:8:5-74
28            android:name="unity.splash-enable"
28-->src/main/AndroidManifest.xml:8:16-50
29            android:value="True" />
29-->src/main/AndroidManifest.xml:8:51-71
30        <meta-data
30-->src/main/AndroidManifest.xml:9:5-78
31            android:name="unity.launch-fullscreen"
31-->src/main/AndroidManifest.xml:9:16-54
32            android:value="True" />
32-->src/main/AndroidManifest.xml:9:55-75
33        <meta-data
33-->src/main/AndroidManifest.xml:10:5-81
34            android:name="notch.config"
34-->src/main/AndroidManifest.xml:10:16-43
35            android:value="portrait|landscape" />
35-->src/main/AndroidManifest.xml:10:44-78
36        <meta-data
36-->src/main/AndroidManifest.xml:11:5-84
37            android:name="unity.auto-report-fully-drawn"
37-->src/main/AndroidManifest.xml:11:16-60
38            android:value="true" />
38-->src/main/AndroidManifest.xml:11:61-81
39
40        <activity
40-->src/main/AndroidManifest.xml:12:5-21:16
41            android:name="com.unity3d.player.UnityPlayerActivity"
41-->src/main/AndroidManifest.xml:12:15-68
42            android:configChanges="keyboard|keyboardHidden|navigation|orientation|screenLayout|screenSize|uiMode|density"
42-->src/main/AndroidManifest.xml:12:204-313
43            android:exported="true"
43-->src/main/AndroidManifest.xml:12:385-408
44            android:hardwareAccelerated="false"
44-->src/main/AndroidManifest.xml:12:349-384
45            android:launchMode="singleTask"
45-->src/main/AndroidManifest.xml:12:172-203
46            android:resizeableActivity="false"
46-->src/main/AndroidManifest.xml:12:314-348
47            android:screenOrientation="landscape"
47-->src/main/AndroidManifest.xml:12:134-171
48            android:theme="@android:style/Theme.Black.NoTitleBar.Fullscreen" >
48-->src/main/AndroidManifest.xml:12:69-133
49            <intent-filter>
49-->src/main/AndroidManifest.xml:13:7-17:23
50                <category android:name="android.intent.category.LAUNCHER" />
50-->src/main/AndroidManifest.xml:14:9-69
50-->src/main/AndroidManifest.xml:14:19-66
51
52                <action android:name="android.intent.action.MAIN" />
52-->src/main/AndroidManifest.xml:15:9-61
52-->src/main/AndroidManifest.xml:15:17-58
53
54                <category android:name="com.oculus.intent.category.VR" />
54-->src/main/AndroidManifest.xml:16:9-66
54-->src/main/AndroidManifest.xml:16:19-63
55            </intent-filter>
56
57            <meta-data
57-->src/main/AndroidManifest.xml:18:7-82
58                android:name="unityplayer.UnityActivity"
58-->src/main/AndroidManifest.xml:18:18-58
59                android:value="true" />
59-->src/main/AndroidManifest.xml:18:59-79
60            <meta-data
60-->src/main/AndroidManifest.xml:19:7-70
61                android:name="notch_support"
61-->src/main/AndroidManifest.xml:19:18-46
62                android:value="true" />
62-->src/main/AndroidManifest.xml:19:47-67
63            <meta-data
63-->src/main/AndroidManifest.xml:20:7-81
64                android:name="com.oculus.vr.focusaware"
64-->src/main/AndroidManifest.xml:20:18-57
65                android:value="true" />
65-->src/main/AndroidManifest.xml:20:58-78
66        </activity>
67
68        <meta-data
68-->src/main/AndroidManifest.xml:22:5-97
69            android:name="com.samsung.android.vr.application.mode"
69-->src/main/AndroidManifest.xml:22:16-70
70            android:value="vr_only" />
70-->src/main/AndroidManifest.xml:22:71-94
71        <meta-data
71-->src/main/AndroidManifest.xml:23:5-91
72            android:name="com.unity.xr.oculus.LowOverheadMode"
72-->src/main/AndroidManifest.xml:23:16-66
73            android:value="false" />
73-->src/main/AndroidManifest.xml:23:67-88
74        <meta-data
74-->src/main/AndroidManifest.xml:24:5-88
75            android:name="com.unity.xr.oculus.LateLatching"
75-->src/main/AndroidManifest.xml:24:16-63
76            android:value="false" />
76-->src/main/AndroidManifest.xml:24:64-85
77        <meta-data
77-->src/main/AndroidManifest.xml:25:5-93
78            android:name="com.unity.xr.oculus.LateLatchingDebug"
78-->src/main/AndroidManifest.xml:25:16-68
79            android:value="false" />
79-->src/main/AndroidManifest.xml:25:69-90
80        <meta-data
80-->src/main/AndroidManifest.xml:26:5-84
81            android:name="com.oculus.supportedDevices"
81-->src/main/AndroidManifest.xml:26:16-58
82            android:value="quest2" />
82-->src/main/AndroidManifest.xml:26:59-81
83    </application>
84
85</manifest>